[2m2021-11-20 14:35:59.023[0;39m [32m INFO[0;39m [35m39851[0;39m [2m---[0;39m [2m[  restartedMain][0;39m [36m.e.DevToolsPropertyDefaultsPostProcessor[0;39m [2m:[0;39m Devtools property defaults active! Set 'spring.devtools.add-properties' to 'false' to disable
[2m2021-11-20 14:35:59.027[0;39m [32m INFO[0;39m [35m39851[0;39m [2m---[0;39m [2m[  restartedMain][0;39m [36m.e.DevToolsPropertyDefaultsPostProcessor[0;39m [2m:[0;39m For additional web related logging consider setting the 'logging.level.web' property to 'DEBUG'
[2m2021-11-20 14:36:00.633[0;39m [32m INFO[0;39m [35m39851[0;39m [2m---[0;39m [2m[  restartedMain][0;39m [36mo.s.b.w.embedded.tomcat.TomcatWebServer [0;39m [2m:[0;39m Tomcat initialized with port(s): 9999 (http)
[2m2021-11-20 14:36:00.714[0;39m [32m INFO[0;39m [35m39851[0;39m [2m---[0;39m [2m[  restartedMain][0;39m [36mw.s.c.ServletWebServerApplicationContext[0;39m [2m:[0;39m Root WebApplicationContext: initialization completed in 1686 ms
[2m2021-11-20 14:36:01.587[0;39m [32m INFO[0;39m [35m39851[0;39m [2m---[0;39m [2m[  restartedMain][0;39m [36mo.s.b.d.a.OptionalLiveReloadServer      [0;39m [2m:[0;39m LiveReload server is running on port 35729
[2m2021-11-20 14:36:01.827[0;39m [32m INFO[0;39m [35m39851[0;39m [2m---[0;39m [2m[  restartedMain][0;39m [36mo.s.b.w.embedded.tomcat.TomcatWebServer [0;39m [2m:[0;39m Tomcat started on port(s): 9999 (http) with context path '/vue'
[2m2021-11-20 14:37:11.437[0;39m [32m INFO[0;39m [35m39851[0;39m [2m---[0;39m [2m[nio-9999-exec-1][0;39m [36mo.s.web.servlet.DispatcherServlet       [0;39m [2m:[0;39m Initializing Servlet 'dispatcherServlet'
[2m2021-11-20 14:37:11.440[0;39m [32m INFO[0;39m [35m39851[0;39m [2m---[0;39m [2m[nio-9999-exec-1][0;39m [36mo.s.web.servlet.DispatcherServlet       [0;39m [2m:[0;39m Completed initialization in 2 ms
[2m2021-11-20 14:37:17.955[0;39m [32mDEBUG[0;39m [35m39851[0;39m [2m---[0;39m [2m[nio-9999-exec-4][0;39m [36mc.ssafy.vue.controller.MemberController [0;39m [2m:[0;39m 로그인 토큰정보 : eyJ0eXAiOiJKV1QiLCJyZWdEYXRlIjoxNjM3Mzg2NjM3OTE5LCJhbGciOiJIUzI1NiJ9.eyJleHAiOjE2MzczOTAyMzcsInN1YiI6ImFjY2Vzcy10b2tlbiIsInVzZXJpZCI6ImtpbWR5OTYifQ.gkGO3DGH_XqJ2mnlk6oFyTPXsOeK8hSL-Yn1wfc_mRE
[2m2021-11-20 14:37:18.039[0;39m [32m INFO[0;39m [35m39851[0;39m [2m---[0;39m [2m[nio-9999-exec-6][0;39m [36mc.ssafy.vue.controller.MemberController [0;39m [2m:[0;39m 사용 가능한 토큰!!!
[2m2021-11-20 14:37:50.176[0;39m [32mDEBUG[0;39m [35m39851[0;39m [2m---[0;39m [2m[nio-9999-exec-2][0;39m [36mc.ssafy.vue.controller.MemberController [0;39m [2m:[0;39m 로그인 토큰정보 : eyJ0eXAiOiJKV1QiLCJyZWdEYXRlIjoxNjM3Mzg2NjcwMTc2LCJhbGciOiJIUzI1NiJ9.eyJleHAiOjE2MzczOTAyNzAsInN1YiI6ImFjY2Vzcy10b2tlbiIsInVzZXJpZCI6ImtpbWR5OTYifQ._kyVcTX_DPhm6SurR86eV283aj-98K8vqzKL6PTEAxE
[2m2021-11-20 14:37:50.205[0;39m [32m INFO[0;39m [35m39851[0;39m [2m---[0;39m [2m[nio-9999-exec-3][0;39m [36mc.ssafy.vue.controller.MemberController [0;39m [2m:[0;39m 사용 가능한 토큰!!!
[2m2021-11-20 14:38:04.055[0;39m [32mDEBUG[0;39m [35m39851[0;39m [2m---[0;39m [2m[nio-9999-exec-7][0;39m [36mc.ssafy.vue.controller.MemberController [0;39m [2m:[0;39m 로그인 토큰정보 : eyJ0eXAiOiJKV1QiLCJyZWdEYXRlIjoxNjM3Mzg2Njg0MDU1LCJhbGciOiJIUzI1NiJ9.eyJleHAiOjE2MzczOTAyODQsInN1YiI6ImFjY2Vzcy10b2tlbiIsInVzZXJpZCI6ImRheW91bmcifQ.OxU3qBdNJbPlAH_BAGTCSgSK-vHLKBCYN7ejbVTvIRs
[2m2021-11-20 14:38:04.100[0;39m [32m INFO[0;39m [35m39851[0;39m [2m---[0;39m [2m[nio-9999-exec-9][0;39m [36mc.ssafy.vue.controller.MemberController [0;39m [2m:[0;39m 사용 가능한 토큰!!!
[2m2021-11-20 14:38:05.515[0;39m [32m INFO[0;39m [35m39851[0;39m [2m---[0;39m [2m[io-9999-exec-10][0;39m [36mc.ssafy.vue.controller.NoticeController [0;39m [2m:[0;39m listArticle - 호출
[2m2021-11-20 14:38:06.885[0;39m [32m INFO[0;39m [35m39851[0;39m [2m---[0;39m [2m[nio-9999-exec-1][0;39m [36mc.ssafy.vue.controller.NoticeController [0;39m [2m:[0;39m getArticle - 호출 : 6
[2m2021-11-20 14:38:09.603[0;39m [32m INFO[0;39m [35m39851[0;39m [2m---[0;39m [2m[nio-9999-exec-2][0;39m [36mc.ssafy.vue.controller.NoticeController [0;39m [2m:[0;39m listArticle - 호출
[2m2021-11-20 14:38:12.425[0;39m [32m INFO[0;39m [35m39851[0;39m [2m---[0;39m [2m[nio-9999-exec-3][0;39m [36mc.s.vue.controller.HouseMapController   [0;39m [2m:[0;39m sido - 호출
[2m2021-11-20 14:38:14.275[0;39m [32m INFO[0;39m [35m39851[0;39m [2m---[0;39m [2m[nio-9999-exec-4][0;39m [36mc.s.vue.controller.HouseMapController   [0;39m [2m:[0;39m gugun - 호출
[2m2021-11-20 14:38:33.905[0;39m [32m INFO[0;39m [35m39851[0;39m [2m---[0;39m [2m[nio-9999-exec-8][0;39m [36mc.ssafy.vue.controller.NoticeController [0;39m [2m:[0;39m listArticle - 호출
[2m2021-11-20 14:38:36.570[0;39m [32m INFO[0;39m [35m39851[0;39m [2m---[0;39m [2m[nio-9999-exec-9][0;39m [36mc.ssafy.vue.controller.BoardController  [0;39m [2m:[0;39m listArticle - 호출
[2m2021-11-20 14:39:54.236[0;39m [32m INFO[0;39m [35m39851[0;39m [2m---[0;39m [2m[nio-9999-exec-1][0;39m [36mc.ssafy.vue.controller.BoardController  [0;39m [2m:[0;39m listArticle - 호출
[2m2021-11-20 14:43:17.902[0;39m [32m INFO[0;39m [35m39851[0;39m [2m---[0;39m [2m[nio-9999-exec-3][0;39m [36mc.ssafy.vue.controller.BoardController  [0;39m [2m:[0;39m listArticle - 호출
[2m2021-11-20 14:43:28.431[0;39m [32m INFO[0;39m [35m39851[0;39m [2m---[0;39m [2m[nio-9999-exec-5][0;39m [36mc.ssafy.vue.controller.BoardController  [0;39m [2m:[0;39m writeArticle - 호출
[2m2021-11-20 14:43:28.592[0;39m [31mERROR[0;39m [35m39851[0;39m [2m---[0;39m [2m[nio-9999-exec-5][0;39m [36mo.a.c.c.C.[.[.[.[dispatcherServlet]     [0;39m [2m:[0;39m Servlet.service() for servlet [dispatcherServlet] in context with path [/vue] threw exception [Request processing failed; nested exception is org.springframework.dao.DataIntegrityViolationException: 
### Error updating database.  Cause: java.sql.SQLIntegrityConstraintViolationException: Cannot add or update a child row: a foreign key constraint fails (`ssafyweb`.`board`, CONSTRAINT `board_to_member_fk` FOREIGN KEY (`userid`) REFERENCES `ssafy_member` (`userid`))
### The error may exist in file [/Users/kimdayeong/Desktop/Spring_youtube/happyhouse_back/target/classes/mappers/board.xml]
### The error may involve com.ssafy.vue.model.mapper.BoardMapper.writeArticle-Inline
### The error occurred while setting parameters
### SQL: insert into board (userid, subject, content, hit, regtime)   values (?, ?, ?, 0, now())
### Cause: java.sql.SQLIntegrityConstraintViolationException: Cannot add or update a child row: a foreign key constraint fails (`ssafyweb`.`board`, CONSTRAINT `board_to_member_fk` FOREIGN KEY (`userid`) REFERENCES `ssafy_member` (`userid`))
; Cannot add or update a child row: a foreign key constraint fails (`ssafyweb`.`board`, CONSTRAINT `board_to_member_fk` FOREIGN KEY (`userid`) REFERENCES `ssafy_member` (`userid`)); nested exception is java.sql.SQLIntegrityConstraintViolationException: Cannot add or update a child row: a foreign key constraint fails (`ssafyweb`.`board`, CONSTRAINT `board_to_member_fk` FOREIGN KEY (`userid`) REFERENCES `ssafy_member` (`userid`))] with root cause

java.sql.SQLIntegrityConstraintViolationException: Cannot add or update a child row: a foreign key constraint fails (`ssafyweb`.`board`, CONSTRAINT `board_to_member_fk` FOREIGN KEY (`userid`) REFERENCES `ssafy_member` (`userid`))
	at com.mysql.cj.jdbc.exceptions.SQLError.createSQLException(SQLError.java:117)
	at com.mysql.cj.jdbc.exceptions.SQLExceptionsMapping.translateException(SQLExceptionsMapping.java:122)
	at com.mysql.cj.jdbc.ClientPreparedStatement.executeInternal(ClientPreparedStatement.java:953)
	at com.mysql.cj.jdbc.ClientPreparedStatement.execute(ClientPreparedStatement.java:371)
	at com.zaxxer.hikari.pool.ProxyPreparedStatement.execute(ProxyPreparedStatement.java:44)
	at com.zaxxer.hikari.pool.HikariProxyPreparedStatement.execute(HikariProxyPreparedStatement.java)
	at org.apache.ibatis.executor.statement.PreparedStatementHandler.update(PreparedStatementHandler.java:47)
	at org.apache.ibatis.executor.statement.RoutingStatementHandler.update(RoutingStatementHandler.java:74)
	at org.apache.ibatis.executor.SimpleExecutor.doUpdate(SimpleExecutor.java:50)
	at org.apache.ibatis.executor.BaseExecutor.update(BaseExecutor.java:117)
	at org.apache.ibatis.executor.CachingExecutor.update(CachingExecutor.java:76)
	at org.apache.ibatis.session.defaults.DefaultSqlSession.update(DefaultSqlSession.java:194)
	at org.apache.ibatis.session.defaults.DefaultSqlSession.insert(DefaultSqlSession.java:181)
	at sun.reflect.NativeMethodAccessorImpl.invoke0(Native Method)
	at sun.reflect.NativeMethodAccessorImpl.invoke(NativeMethodAccessorImpl.java:62)
	at sun.reflect.DelegatingMethodAccessorImpl.invoke(DelegatingMethodAccessorImpl.java:43)
	at java.lang.reflect.Method.invoke(Method.java:498)
	at org.mybatis.spring.SqlSessionTemplate$SqlSessionInterceptor.invoke(SqlSessionTemplate.java:427)
	at com.sun.proxy.$Proxy81.insert(Unknown Source)
	at org.mybatis.spring.SqlSessionTemplate.insert(SqlSessionTemplate.java:272)
	at org.apache.ibatis.binding.MapperMethod.execute(MapperMethod.java:62)
	at org.apache.ibatis.binding.MapperProxy$PlainMethodInvoker.invoke(MapperProxy.java:145)
	at org.apache.ibatis.binding.MapperProxy.invoke(MapperProxy.java:86)
	at com.sun.proxy.$Proxy107.writeArticle(Unknown Source)
	at com.ssafy.vue.model.service.BoardServiceImpl.writeArticle(BoardServiceImpl.java:26)
	at com.ssafy.vue.model.service.BoardServiceImpl$$FastClassBySpringCGLIB$$fc74f1dc.invoke(<generated>)
	at org.springframework.cglib.proxy.MethodProxy.invoke(MethodProxy.java:218)
	at org.springframework.aop.framework.CglibAopProxy$DynamicAdvisedInterceptor.intercept(CglibAopProxy.java:689)
	at com.ssafy.vue.model.service.BoardServiceImpl$$EnhancerBySpringCGLIB$$3eeaf5e2.writeArticle(<generated>)
	at com.ssafy.vue.controller.BoardController.writeArticle(BoardController.java:48)
	at sun.reflect.NativeMethodAccessorImpl.invoke0(Native Method)
	at sun.reflect.NativeMethodAccessorImpl.invoke(NativeMethodAccessorImpl.java:62)
	at sun.reflect.DelegatingMethodAccessorImpl.invoke(DelegatingMethodAccessorImpl.java:43)
	at java.lang.reflect.Method.invoke(Method.java:498)
	at org.springframework.web.method.support.InvocableHandlerMethod.doInvoke(InvocableHandlerMethod.java:205)
	at org.springframework.web.method.support.InvocableHandlerMethod.invokeForRequest(InvocableHandlerMethod.java:150)
	at org.springframework.web.servlet.mvc.method.annotation.ServletInvocableHandlerMethod.invokeAndHandle(ServletInvocableHandlerMethod.java:117)
	at org.springframework.web.servlet.mvc.method.annotation.RequestMappingHandlerAdapter.invokeHandlerMethod(RequestMappingHandlerAdapter.java:895)
	at org.springframework.web.servlet.mvc.method.annotation.RequestMappingHandlerAdapter.handleInternal(RequestMappingHandlerAdapter.java:808)
	at org.springframework.web.servlet.mvc.method.AbstractHandlerMethodAdapter.handle(AbstractHandlerMethodAdapter.java:87)
	at org.springframework.web.servlet.DispatcherServlet.doDispatch(DispatcherServlet.java:1067)
	at org.springframework.web.servlet.DispatcherServlet.doService(DispatcherServlet.java:963)
	at org.springframework.web.servlet.FrameworkServlet.processRequest(FrameworkServlet.java:1006)
	at org.springframework.web.servlet.FrameworkServlet.doPost(FrameworkServlet.java:909)
	at javax.servlet.http.HttpServlet.service(HttpServlet.java:681)
	at org.springframework.web.servlet.FrameworkServlet.service(FrameworkServlet.java:883)
	at javax.servlet.http.HttpServlet.service(HttpServlet.java:764)
	at org.apache.catalina.core.ApplicationFilterChain.internalDoFilter(ApplicationFilterChain.java:227)
	at org.apache.catalina.core.ApplicationFilterChain.doFilter(ApplicationFilterChain.java:162)
	at org.apache.tomcat.websocket.server.WsFilter.doFilter(WsFilter.java:53)
	at org.apache.catalina.core.ApplicationFilterChain.internalDoFilter(ApplicationFilterChain.java:189)
	at org.apache.catalina.core.ApplicationFilterChain.doFilter(ApplicationFilterChain.java:162)
	at org.springframework.web.filter.CharacterEncodingFilter.doFilterInternal(CharacterEncodingFilter.java:201)
	at org.springframework.web.filter.OncePerRequestFilter.doFilter(OncePerRequestFilter.java:119)
	at org.apache.catalina.core.ApplicationFilterChain.internalDoFilter(ApplicationFilterChain.java:189)
	at org.apache.catalina.core.ApplicationFilterChain.doFilter(ApplicationFilterChain.java:162)
	at org.apache.catalina.core.StandardWrapperValve.invoke(StandardWrapperValve.java:197)
	at org.apache.catalina.core.StandardContextValve.invoke(StandardContextValve.java:97)
	at org.apache.catalina.authenticator.AuthenticatorBase.invoke(AuthenticatorBase.java:540)
	at org.apache.catalina.core.StandardHostValve.invoke(StandardHostValve.java:135)
	at org.apache.catalina.valves.ErrorReportValve.invoke(ErrorReportValve.java:92)
	at org.apache.catalina.core.StandardEngineValve.invoke(StandardEngineValve.java:78)
	at org.apache.catalina.connector.CoyoteAdapter.service(CoyoteAdapter.java:357)
	at org.apache.coyote.http11.Http11Processor.service(Http11Processor.java:382)
	at org.apache.coyote.AbstractProcessorLight.process(AbstractProcessorLight.java:65)
	at org.apache.coyote.AbstractProtocol$ConnectionHandler.process(AbstractProtocol.java:895)
	at org.apache.tomcat.util.net.NioEndpoint$SocketProcessor.doRun(NioEndpoint.java:1722)
	at org.apache.tomcat.util.net.SocketProcessorBase.run(SocketProcessorBase.java:49)
	at org.apache.tomcat.util.threads.ThreadPoolExecutor.runWorker(ThreadPoolExecutor.java:1191)
	at org.apache.tomcat.util.threads.ThreadPoolExecutor$Worker.run(ThreadPoolExecutor.java:659)
	at org.apache.tomcat.util.threads.TaskThread$WrappingRunnable.run(TaskThread.java:61)
	at java.lang.Thread.run(Thread.java:748)

[2m2021-11-20 14:44:55.692[0;39m [32m INFO[0;39m [35m39851[0;39m [2m---[0;39m [2m[nio-9999-exec-6][0;39m [36mc.ssafy.vue.controller.BoardController  [0;39m [2m:[0;39m writeArticle - 호출
[2m2021-11-20 14:44:57.246[0;39m [32m INFO[0;39m [35m39851[0;39m [2m---[0;39m [2m[nio-9999-exec-7][0;39m [36mc.ssafy.vue.controller.BoardController  [0;39m [2m:[0;39m listArticle - 호출
[2m2021-11-20 14:47:53.378[0;39m [32m INFO[0;39m [35m39851[0;39m [2m---[0;39m [2m[nio-9999-exec-9][0;39m [36mc.ssafy.vue.controller.BoardController  [0;39m [2m:[0;39m writeArticle - 호출
[2m2021-11-20 14:47:54.516[0;39m [32m INFO[0;39m [35m39851[0;39m [2m---[0;39m [2m[io-9999-exec-10][0;39m [36mc.ssafy.vue.controller.BoardController  [0;39m [2m:[0;39m listArticle - 호출
[2m2021-11-20 14:48:09.553[0;39m [32m INFO[0;39m [35m39851[0;39m [2m---[0;39m [2m[nio-9999-exec-1][0;39m [36mc.ssafy.vue.controller.BoardController  [0;39m [2m:[0;39m getArticle - 호출 : 12
[2m2021-11-20 14:48:11.359[0;39m [32m INFO[0;39m [35m39851[0;39m [2m---[0;39m [2m[nio-9999-exec-3][0;39m [36mc.ssafy.vue.controller.BoardController  [0;39m [2m:[0;39m deleteArticle - 호출
[2m2021-11-20 14:48:11.397[0;39m [32m INFO[0;39m [35m39851[0;39m [2m---[0;39m [2m[nio-9999-exec-4][0;39m [36mc.ssafy.vue.controller.BoardController  [0;39m [2m:[0;39m listArticle - 호출
[2m2021-11-20 14:48:20.776[0;39m [32m INFO[0;39m [35m39851[0;39m [2m---[0;39m [2m[nio-9999-exec-5][0;39m [36mc.ssafy.vue.controller.BoardController  [0;39m [2m:[0;39m writeArticle - 호출
[2m2021-11-20 14:48:22.051[0;39m [32m INFO[0;39m [35m39851[0;39m [2m---[0;39m [2m[nio-9999-exec-6][0;39m [36mc.ssafy.vue.controller.BoardController  [0;39m [2m:[0;39m listArticle - 호출
[2m2021-11-20 14:48:23.896[0;39m [32m INFO[0;39m [35m39851[0;39m [2m---[0;39m [2m[nio-9999-exec-7][0;39m [36mc.ssafy.vue.controller.BoardController  [0;39m [2m:[0;39m getArticle - 호출 : 13
[2m2021-11-20 14:48:45.761[0;39m [32m INFO[0;39m [35m39851[0;39m [2m---[0;39m [2m[nio-9999-exec-8][0;39m [36mc.ssafy.vue.controller.BoardController  [0;39m [2m:[0;39m listArticle - 호출
[2m2021-11-20 14:48:46.585[0;39m [32m INFO[0;39m [35m39851[0;39m [2m---[0;39m [2m[nio-9999-exec-9][0;39m [36mc.ssafy.vue.controller.BoardController  [0;39m [2m:[0;39m getArticle - 호출 : 13
[2m2021-11-20 14:48:47.824[0;39m [32m INFO[0;39m [35m39851[0;39m [2m---[0;39m [2m[io-9999-exec-10][0;39m [36mc.ssafy.vue.controller.BoardController  [0;39m [2m:[0;39m listArticle - 호출
[2m2021-11-20 14:48:48.585[0;39m [32m INFO[0;39m [35m39851[0;39m [2m---[0;39m [2m[nio-9999-exec-1][0;39m [36mc.ssafy.vue.controller.BoardController  [0;39m [2m:[0;39m getArticle - 호출 : 11
[2m2021-11-20 14:48:49.866[0;39m [32m INFO[0;39m [35m39851[0;39m [2m---[0;39m [2m[nio-9999-exec-2][0;39m [36mc.ssafy.vue.controller.BoardController  [0;39m [2m:[0;39m listArticle - 호출
[2m2021-11-20 14:48:51.274[0;39m [32m INFO[0;39m [35m39851[0;39m [2m---[0;39m [2m[nio-9999-exec-3][0;39m [36mc.ssafy.vue.controller.BoardController  [0;39m [2m:[0;39m getArticle - 호출 : 8
[2m2021-11-20 14:48:52.048[0;39m [32m INFO[0;39m [35m39851[0;39m [2m---[0;39m [2m[nio-9999-exec-4][0;39m [36mc.ssafy.vue.controller.BoardController  [0;39m [2m:[0;39m listArticle - 호출
[2m2021-11-20 14:48:55.917[0;39m [32m INFO[0;39m [35m39851[0;39m [2m---[0;39m [2m[nio-9999-exec-5][0;39m [36mc.ssafy.vue.controller.BoardController  [0;39m [2m:[0;39m listArticle - 호출
[2m2021-11-20 14:48:56.581[0;39m [32m INFO[0;39m [35m39851[0;39m [2m---[0;39m [2m[nio-9999-exec-6][0;39m [36mc.ssafy.vue.controller.BoardController  [0;39m [2m:[0;39m getArticle - 호출 : 8
[2m2021-11-20 14:48:58.479[0;39m [32m INFO[0;39m [35m39851[0;39m [2m---[0;39m [2m[nio-9999-exec-7][0;39m [36mc.ssafy.vue.controller.BoardController  [0;39m [2m:[0;39m listArticle - 호출
[2m2021-11-20 14:49:25.240[0;39m [32m INFO[0;39m [35m39851[0;39m [2m---[0;39m [2m[nio-9999-exec-8][0;39m [36mc.ssafy.vue.controller.BoardController  [0;39m [2m:[0;39m writeArticle - 호출
[2m2021-11-20 14:49:26.359[0;39m [32m INFO[0;39m [35m39851[0;39m [2m---[0;39m [2m[nio-9999-exec-9][0;39m [36mc.ssafy.vue.controller.BoardController  [0;39m [2m:[0;39m listArticle - 호출
[2m2021-11-20 14:49:27.862[0;39m [32m INFO[0;39m [35m39851[0;39m [2m---[0;39m [2m[io-9999-exec-10][0;39m [36mc.ssafy.vue.controller.BoardController  [0;39m [2m:[0;39m getArticle - 호출 : 14
[2m2021-11-20 14:49:29.216[0;39m [32m INFO[0;39m [35m39851[0;39m [2m---[0;39m [2m[nio-9999-exec-1][0;39m [36mc.ssafy.vue.controller.BoardController  [0;39m [2m:[0;39m getArticle - 호출 : 14
[2m2021-11-20 14:49:30.951[0;39m [32m INFO[0;39m [35m39851[0;39m [2m---[0;39m [2m[nio-9999-exec-2][0;39m [36mc.ssafy.vue.controller.BoardController  [0;39m [2m:[0;39m modifyArticle - 호출
[2m2021-11-20 14:49:31.857[0;39m [32m INFO[0;39m [35m39851[0;39m [2m---[0;39m [2m[nio-9999-exec-3][0;39m [36mc.ssafy.vue.controller.BoardController  [0;39m [2m:[0;39m listArticle - 호출
[2m2021-11-20 14:49:33.399[0;39m [32m INFO[0;39m [35m39851[0;39m [2m---[0;39m [2m[nio-9999-exec-4][0;39m [36mc.ssafy.vue.controller.BoardController  [0;39m [2m:[0;39m getArticle - 호출 : 14
[2m2021-11-20 14:49:35.335[0;39m [32m INFO[0;39m [35m39851[0;39m [2m---[0;39m [2m[nio-9999-exec-5][0;39m [36mc.ssafy.vue.controller.BoardController  [0;39m [2m:[0;39m listArticle - 호출
[2m2021-11-20 14:53:48.337[0;39m [32m INFO[0;39m [35m39851[0;39m [2m---[0;39m [2m[nio-9999-exec-7][0;39m [36mc.ssafy.vue.controller.BoardController  [0;39m [2m:[0;39m getArticle - 호출 : 14
[2m2021-11-20 14:53:49.719[0;39m [32m INFO[0;39m [35m39851[0;39m [2m---[0;39m [2m[nio-9999-exec-8][0;39m [36mc.ssafy.vue.controller.BoardController  [0;39m [2m:[0;39m listArticle - 호출
[2m2021-11-20 14:59:55.171[0;39m [32m INFO[0;39m [35m39851[0;39m [2m---[0;39m [2m[on(2)-127.0.0.1][0;39m [36minMXBeanRegistrar$SpringApplicationAdmin[0;39m [2m:[0;39m Application shutdown requested.
[2m2021-11-20 18:06:39.064[0;39m [32m INFO[0;39m [35m50623[0;39m [2m---[0;39m [2m[  restartedMain][0;39m [36m.e.DevToolsPropertyDefaultsPostProcessor[0;39m [2m:[0;39m Devtools property defaults active! Set 'spring.devtools.add-properties' to 'false' to disable
[2m2021-11-20 18:06:39.068[0;39m [32m INFO[0;39m [35m50623[0;39m [2m---[0;39m [2m[  restartedMain][0;39m [36m.e.DevToolsPropertyDefaultsPostProcessor[0;39m [2m:[0;39m For additional web related logging consider setting the 'logging.level.web' property to 'DEBUG'
[2m2021-11-20 18:06:41.171[0;39m [32m INFO[0;39m [35m50623[0;39m [2m---[0;39m [2m[  restartedMain][0;39m [36mo.s.b.w.embedded.tomcat.TomcatWebServer [0;39m [2m:[0;39m Tomcat initialized with port(s): 9999 (http)
[2m2021-11-20 18:06:41.263[0;39m [32m INFO[0;39m [35m50623[0;39m [2m---[0;39m [2m[  restartedMain][0;39m [36mw.s.c.ServletWebServerApplicationContext[0;39m [2m:[0;39m Root WebApplicationContext: initialization completed in 2194 ms
[2m2021-11-20 18:06:42.417[0;39m [32m INFO[0;39m [35m50623[0;39m [2m---[0;39m [2m[  restartedMain][0;39m [36mo.s.b.d.a.OptionalLiveReloadServer      [0;39m [2m:[0;39m LiveReload server is running on port 35729
[2m2021-11-20 18:06:42.772[0;39m [32m INFO[0;39m [35m50623[0;39m [2m---[0;39m [2m[  restartedMain][0;39m [36mo.s.b.w.embedded.tomcat.TomcatWebServer [0;39m [2m:[0;39m Tomcat started on port(s): 9999 (http) with context path '/vue'
[2m2021-11-20 18:06:54.630[0;39m [32m INFO[0;39m [35m50690[0;39m [2m---[0;39m [2m[  restartedMain][0;39m [36m.e.DevToolsPropertyDefaultsPostProcessor[0;39m [2m:[0;39m Devtools property defaults active! Set 'spring.devtools.add-properties' to 'false' to disable
[2m2021-11-20 18:06:54.632[0;39m [32m INFO[0;39m [35m50690[0;39m [2m---[0;39m [2m[  restartedMain][0;39m [36m.e.DevToolsPropertyDefaultsPostProcessor[0;39m [2m:[0;39m For additional web related logging consider setting the 'logging.level.web' property to 'DEBUG'
[2m2021-11-20 18:06:55.643[0;39m [32m INFO[0;39m [35m50690[0;39m [2m---[0;39m [2m[  restartedMain][0;39m [36mo.s.b.w.embedded.tomcat.TomcatWebServer [0;39m [2m:[0;39m Tomcat initialized with port(s): 9999 (http)
[2m2021-11-20 18:06:55.689[0;39m [32m INFO[0;39m [35m50690[0;39m [2m---[0;39m [2m[  restartedMain][0;39m [36mw.s.c.ServletWebServerApplicationContext[0;39m [2m:[0;39m Root WebApplicationContext: initialization completed in 1057 ms
[2m2021-11-20 18:06:56.330[0;39m [33m WARN[0;39m [35m50690[0;39m [2m---[0;39m [2m[  restartedMain][0;39m [36mo.s.b.d.a.OptionalLiveReloadServer      [0;39m [2m:[0;39m Unable to start LiveReload server
[2m2021-11-20 18:06:56.504[0;39m [33m WARN[0;39m [35m50690[0;39m [2m---[0;39m [2m[  restartedMain][0;39m [36mConfigServletWebServerApplicationContext[0;39m [2m:[0;39m Exception encountered during context initialization - cancelling refresh attempt: org.springframework.context.ApplicationContextException: Failed to start bean 'webServerStartStop'; nested exception is org.springframework.boot.web.server.PortInUseException: Port 9999 is already in use
[2m2021-11-20 18:06:56.519[0;39m [32m INFO[0;39m [35m50690[0;39m [2m---[0;39m [2m[  restartedMain][0;39m [36mConditionEvaluationReportLoggingListener[0;39m [2m:[0;39m 

Error starting ApplicationContext. To display the conditions report re-run your application with 'debug' enabled.
[2m2021-11-20 18:06:56.535[0;39m [31mERROR[0;39m [35m50690[0;39m [2m---[0;39m [2m[  restartedMain][0;39m [36mo.s.b.d.LoggingFailureAnalysisReporter  [0;39m [2m:[0;39m 

***************************
APPLICATION FAILED TO START
***************************

Description:

Web server failed to start. Port 9999 was already in use.

Action:

Identify and stop the process that's listening on port 9999 or configure this application to listen on another port.

[2m2021-11-20 18:07:50.205[0;39m [32m INFO[0;39m [35m50623[0;39m [2m---[0;39m [2m[nio-9999-exec-1][0;39m [36mo.s.web.servlet.DispatcherServlet       [0;39m [2m:[0;39m Initializing Servlet 'dispatcherServlet'
[2m2021-11-20 18:07:50.207[0;39m [32m INFO[0;39m [35m50623[0;39m [2m---[0;39m [2m[nio-9999-exec-1][0;39m [36mo.s.web.servlet.DispatcherServlet       [0;39m [2m:[0;39m Completed initialization in 1 ms
[2m2021-11-20 18:07:55.411[0;39m [32mDEBUG[0;39m [35m50623[0;39m [2m---[0;39m [2m[nio-9999-exec-3][0;39m [36mc.ssafy.vue.controller.MemberController [0;39m [2m:[0;39m 로그인 토큰정보 : eyJ0eXAiOiJKV1QiLCJyZWdEYXRlIjoxNjM3Mzk5Mjc1Mzg1LCJhbGciOiJIUzI1NiJ9.eyJleHAiOjE2Mzc0MDI4NzUsInN1YiI6ImFjY2Vzcy10b2tlbiIsInVzZXJpZCI6ImRheW91bmcifQ.Pn16F0Ul1VQw1_KKQlBrFOyfi_kAsXK8rJjSBzNaf8M
[2m2021-11-20 18:07:55.470[0;39m [32m INFO[0;39m [35m50623[0;39m [2m---[0;39m [2m[nio-9999-exec-5][0;39m [36mc.ssafy.vue.controller.MemberController [0;39m [2m:[0;39m 사용 가능한 토큰!!!
[2m2021-11-20 18:08:04.892[0;39m [32m INFO[0;39m [35m50623[0;39m [2m---[0;39m [2m[nio-9999-exec-6][0;39m [36mc.ssafy.vue.controller.NoticeController [0;39m [2m:[0;39m listArticle - 호출
[2m2021-11-20 18:08:07.416[0;39m [32m INFO[0;39m [35m50623[0;39m [2m---[0;39m [2m[nio-9999-exec-7][0;39m [36mc.ssafy.vue.controller.NoticeController [0;39m [2m:[0;39m getArticle - 호출 : 6
[2m2021-11-20 18:08:08.727[0;39m [32m INFO[0;39m [35m50623[0;39m [2m---[0;39m [2m[nio-9999-exec-8][0;39m [36mc.ssafy.vue.controller.NoticeController [0;39m [2m:[0;39m listArticle - 호출
[2m2021-11-20 18:08:10.092[0;39m [32m INFO[0;39m [35m50623[0;39m [2m---[0;39m [2m[nio-9999-exec-9][0;39m [36mc.ssafy.vue.controller.BoardController  [0;39m [2m:[0;39m listArticle - 호출
[2m2021-11-20 18:08:10.594[0;39m [32m INFO[0;39m [35m50623[0;39m [2m---[0;39m [2m[io-9999-exec-10][0;39m [36mc.s.vue.controller.HouseMapController   [0;39m [2m:[0;39m sido - 호출
[2m2021-11-20 18:08:12.581[0;39m [32m INFO[0;39m [35m50623[0;39m [2m---[0;39m [2m[nio-9999-exec-1][0;39m [36mc.s.vue.controller.HouseMapController   [0;39m [2m:[0;39m gugun - 호출
[2m2021-11-20 18:08:47.274[0;39m [32m INFO[0;39m [35m50623[0;39m [2m---[0;39m [2m[nio-9999-exec-4][0;39m [36mc.ssafy.vue.controller.BoardController  [0;39m [2m:[0;39m listArticle - 호출
[2m2021-11-20 18:09:28.239[0;39m [32m INFO[0;39m [35m50623[0;39m [2m---[0;39m [2m[on(2)-127.0.0.1][0;39m [36minMXBeanRegistrar$SpringApplicationAdmin[0;39m [2m:[0;39m Application shutdown requested.
